E, [2018-05-08T23:24:48.043989 #13892] ERROR -- Kitchen: ------Exception-------
E, [2018-05-08T23:24:48.044052 #13892] ERROR -- Kitchen: Class: Kitchen::UserError
E, [2018-05-08T23:24:48.044076 #13892] ERROR -- Kitchen: Message: Kitchen YAML file /home/student/LearnChef/Day1/cookbooks/chef/Day2/jboss/recipes/.kitchen.yml does not exist.
E, [2018-05-08T23:24:48.044096 #13892] ERROR -- Kitchen: ----------------------
E, [2018-05-08T23:24:48.044114 #13892] ERROR -- Kitchen: ------Backtrace-------
E, [2018-05-08T23:24:48.044132 #13892] ERROR -- Kitchen: /opt/chefdk/embedded/lib/ruby/gems/2.4.0/gems/test-kitchen-1.17.0/lib/kitchen/loader/yaml.rb:71:in `read'
E, [2018-05-08T23:24:48.044150 #13892] ERROR -- Kitchen: /opt/chefdk/embedded/lib/ruby/gems/2.4.0/gems/test-kitchen-1.17.0/lib/kitchen/config.rb:147:in `data'
E, [2018-05-08T23:24:48.044168 #13892] ERROR -- Kitchen: /opt/chefdk/embedded/lib/ruby/gems/2.4.0/gems/test-kitchen-1.17.0/lib/kitchen/config.rb:126:in `suites'
E, [2018-05-08T23:24:48.044186 #13892] ERROR -- Kitchen: /opt/chefdk/embedded/lib/ruby/gems/2.4.0/gems/test-kitchen-1.17.0/lib/kitchen/config.rb:177:in `filter_instances'
E, [2018-05-08T23:24:48.044204 #13892] ERROR -- Kitchen: /opt/chefdk/embedded/lib/ruby/gems/2.4.0/gems/test-kitchen-1.17.0/lib/kitchen/config.rb:136:in `build_instances'
E, [2018-05-08T23:24:48.044222 #13892] ERROR -- Kitchen: /opt/chefdk/embedded/lib/ruby/gems/2.4.0/gems/test-kitchen-1.17.0/lib/kitchen/config.rb:112:in `instances'
E, [2018-05-08T23:24:48.044239 #13892] ERROR -- Kitchen: /opt/chefdk/embedded/lib/ruby/gems/2.4.0/gems/test-kitchen-1.17.0/lib/kitchen/command.rb:112:in `filtered_instances'
E, [2018-05-08T23:24:48.044257 #13892] ERROR -- Kitchen: /opt/chefdk/embedded/lib/ruby/gems/2.4.0/gems/test-kitchen-1.17.0/lib/kitchen/command.rb:142:in `parse_subcommand'
E, [2018-05-08T23:24:48.044275 #13892] ERROR -- Kitchen: /opt/chefdk/embedded/lib/ruby/gems/2.4.0/gems/test-kitchen-1.17.0/lib/kitchen/command/login.rb:29:in `call'
E, [2018-05-08T23:24:48.044292 #13892] ERROR -- Kitchen: /opt/chefdk/embedded/lib/ruby/gems/2.4.0/gems/test-kitchen-1.17.0/lib/kitchen/cli.rb:53:in `perform'
E, [2018-05-08T23:24:48.044312 #13892] ERROR -- Kitchen: /opt/chefdk/embedded/lib/ruby/gems/2.4.0/gems/test-kitchen-1.17.0/lib/kitchen/cli.rb:241:in `login'
E, [2018-05-08T23:24:48.044330 #13892] ERROR -- Kitchen: /opt/chefdk/embedded/lib/ruby/gems/2.4.0/gems/thor-0.19.1/lib/thor/command.rb:27:in `run'
E, [2018-05-08T23:24:48.044348 #13892] ERROR -- Kitchen: /opt/chefdk/embedded/lib/ruby/gems/2.4.0/gems/thor-0.19.1/lib/thor/invocation.rb:126:in `invoke_command'
E, [2018-05-08T23:24:48.044366 #13892] ERROR -- Kitchen: /opt/chefdk/embedded/lib/ruby/gems/2.4.0/gems/test-kitchen-1.17.0/lib/kitchen/cli.rb:334:in `invoke_task'
E, [2018-05-08T23:24:48.044383 #13892] ERROR -- Kitchen: /opt/chefdk/embedded/lib/ruby/gems/2.4.0/gems/thor-0.19.1/lib/thor.rb:359:in `dispatch'
E, [2018-05-08T23:24:48.044401 #13892] ERROR -- Kitchen: /opt/chefdk/embedded/lib/ruby/gems/2.4.0/gems/thor-0.19.1/lib/thor/base.rb:440:in `start'
E, [2018-05-08T23:24:48.044418 #13892] ERROR -- Kitchen: /opt/chefdk/embedded/lib/ruby/gems/2.4.0/gems/test-kitchen-1.17.0/bin/kitchen:13:in `block in <top (required)>'
E, [2018-05-08T23:24:48.044436 #13892] ERROR -- Kitchen: /opt/chefdk/embedded/lib/ruby/gems/2.4.0/gems/test-kitchen-1.17.0/lib/kitchen/errors.rb:171:in `with_friendly_errors'
E, [2018-05-08T23:24:48.044453 #13892] ERROR -- Kitchen: /opt/chefdk/embedded/lib/ruby/gems/2.4.0/gems/test-kitchen-1.17.0/bin/kitchen:13:in `<top (required)>'
E, [2018-05-08T23:24:48.044471 #13892] ERROR -- Kitchen: /usr/bin/kitchen:267:in `load'
E, [2018-05-08T23:24:48.044514 #13892] ERROR -- Kitchen: /usr/bin/kitchen:267:in `<main>'
E, [2018-05-08T23:24:48.044533 #13892] ERROR -- Kitchen: ----End Backtrace-----
